<?xml version="1.0" encoding="UTF-8"?>
<testng-results ignored="0" total="1" passed="1" failed="0" skipped="0">
  <reporter-output>
  </reporter-output>
  <suite started-at="2022-12-18T19:02:35 IST" name="Default suite" finished-at="2022-12-18T19:03:05 IST" duration-ms="30711">
    <groups>
    </groups>
    <test started-at="2022-12-18T19:02:35 IST" name="Default test" finished-at="2022-12-18T19:03:05 IST" duration-ms="30711">
      <class name="TestNG.Facebook">
        <test-method is-config="true" signature="launchBrowser()[pri:0, instance:TestNG.Facebook@35047d03]" started-at="2022-12-18T19:02:35 IST" name="launchBrowser" finished-at="2022-12-18T19:02:42 IST" duration-ms="7766" status="PASS">
          <reporter-output>
          </reporter-output>
        </test-method> <!-- launchBrowser -->
        <test-method signature="PositiveTest()[pri:0, instance:TestNG.Facebook@35047d03]" started-at="2022-12-18T19:02:42 IST" name="PositiveTest" finished-at="2022-12-18T19:03:05 IST" duration-ms="22814" status="PASS">
          <reporter-output>
          </reporter-output>
        </test-method> <!-- PositiveTest -->
      </class> <!-- TestNG.Facebook -->
    </test> <!-- Default test -->
  </suite> <!-- Default suite -->
</testng-results>
